<?xml version="1.0" encoding="UTF-8"?>
<testsuites name="jest tests" tests="1" failures="0" errors="0" time="2.094">
  <testsuite name="Simple" errors="0" failures="0" skipped="0" timestamp="2023-04-02T14:37:36" time="2.009" tests="1">
    <testcase classname="Simple is simple" name="Simple is simple" time="0.025">
    </testcase>
  </testsuite>
</testsuites>